info it worked if it ends with ok
verbose cli [ 'node', '/usr/bin/npm', 'install', '-d' ]
info using npm@1.1.4
info using node@v0.6.12
verbose config file /home/igel/.npmrc
verbose config file /usr/etc/npmrc
verbose config file /usr/share/npm/npmrc
ERR! Couldn't read dependencies.
ERR! Error: ENOENT, no such file or directory '/home/igel/proj/mgtender/package.json'
ERR! You may report this log at:
ERR!     <http://bugs.debian.org/npm>
ERR! or use
ERR!     reportbug --attach /home/igel/proj/mgtender/npm-debug.log npm
ERR! 
ERR! System Linux 3.2.0-26-generic-pae
ERR! command "node" "/usr/bin/npm" "install" "-d"
ERR! cwd /home/igel/proj/mgtender
ERR! node -v v0.6.12
ERR! npm -v 1.1.4
ERR! path /home/igel/proj/mgtender/package.json
ERR! code ENOENT
ERR! message ENOENT, no such file or directory '/home/igel/proj/mgtender/package.json'
ERR! errno {}
verbose exit [ 1, true ]
